#
# There is insufficient memory for the Java Runtime Environment to continue.
# Native memory allocation (malloc) failed to allocate 1048576 bytes. Error detail: AllocateHeap
# Possible reasons:
#   The system is out of physical RAM or swap space
#   This process is running with CompressedOops enabled, and the Java Heap may be blocking the growth of the native heap
# Possible solutions:
#   Reduce memory load on the system
#   Increase physical memory or swap space
#   Check if swap backing store is full
#   Decrease Java heap size (-Xmx/-Xms)
#   Decrease number of Java threads
#   Decrease Java thread stack sizes (-Xss)
#   Set larger code cache with -XX:ReservedCodeCacheSize=
#   JVM is running with Unscaled Compressed Oops mode in which the Java heap is
#     placed in the first 4GB address space. The Java Heap base address is the
#     maximum limit for the native heap growth. Please use -XX:HeapBaseMinAddress
#     to set the Java Heap base and to place the Java Heap above 4GB virtual address.
# This output file may be truncated or incomplete.
#
#  Out of Memory Error (allocation.cpp:44), pid=21372, tid=8160
#
# JRE version:  (21.0.6+7) (build )
# Java VM: OpenJDK 64-Bit Server VM (21.0.6+7-LTS, mixed mode, sharing, tiered, compressed oops, compressed class ptrs, parallel gc, windows-amd64)
# No core dump will be written. Minidumps are not enabled by default on client versions of Windows
#

---------------  S U M M A R Y ------------

Command Line: --add-modules=ALL-SYSTEM --add-opens=java.base/java.util=ALL-UNNAMED --add-opens=java.base/java.lang=ALL-UNNAMED --add-opens=java.base/sun.nio.fs=ALL-UNNAMED -Declipse.application=org.eclipse.jdt.ls.core.id1 -Dosgi.bundles.defaultStartLevel=4 -Declipse.product=org.eclipse.jdt.ls.core.product -Djava.import.generatesMetadataFilesAtProjectRoot=false -DDetectVMInstallationsJob.disabled=true -Dfile.encoding=utf8 -XX:+UseParallelGC -XX:GCTimeRatio=4 -XX:AdaptiveSizePolicyWeight=90 -Dsun.zip.disableMemoryMapping=true -Xmx1G -Xms100m -Xlog:disable -javaagent:c:\Users\saubh\.vscode\extensions\redhat.java-1.41.1-win32-x64\lombok\lombok-1.18.36.jar -XX:+HeapDumpOnOutOfMemoryError -XX:HeapDumpPath=c:\Users\saubh\AppData\Roaming\Code\User\workspaceStorage\335ce49ca60891c5c2091c6e9d08639f\redhat.java -Daether.dependencyCollector.impl=bf c:\Users\saubh\.vscode\extensions\redhat.java-1.41.1-win32-x64\server\plugins\org.eclipse.equinox.launcher_1.7.0.v20250331-1702.jar -configuration c:\Users\saubh\AppData\Roaming\Code\User\globalStorage\redhat.java\1.41.1\config_win -data c:\Users\saubh\AppData\Roaming\Code\User\workspaceStorage\335ce49ca60891c5c2091c6e9d08639f\redhat.java\jdt_ws --pipe=\\.\pipe\lsp-14c630efb025970ec35ccabfe1c843ac-sock

Host: 12th Gen Intel(R) Core(TM) i5-12450H, 12 cores, 7G,  Windows 11 , 64 bit Build 26100 (10.0.26100.3912)
Time: Wed May 14 02:46:53 2025 India Standard Time elapsed time: 0.078865 seconds (0d 0h 0m 0s)

---------------  T H R E A D  ---------------

Current thread (0x00000231d4c0ff60):  JavaThread "Unknown thread" [_thread_in_vm, id=8160, stack(0x0000005694500000,0x0000005694600000) (1024K)]

Stack: [0x0000005694500000,0x0000005694600000]
Native frames: (J=compiled Java code, j=interpreted, Vv=VM code, C=native code)
V  [jvm.dll+0x6cdee9]
V  [jvm.dll+0x8a83d1]
V  [jvm.dll+0x8aa8fe]
V  [jvm.dll+0x8aafe3]
V  [jvm.dll+0x27f706]
V  [jvm.dll+0xbfb37]
V  [jvm.dll+0x70b79d]
V  [jvm.dll+0x70be5c]
V  [jvm.dll+0x6dcc18]
V  [jvm.dll+0x871cdc]
V  [jvm.dll+0x3bc2dc]
V  [jvm.dll+0x85a868]
V  [jvm.dll+0x45066e]
V  [jvm.dll+0x4522b1]
C  [jli.dll+0x5278]
C  [ucrtbase.dll+0x37b0]
C  [KERNEL32.DLL+0x2e8d7]
C  [ntdll.dll+0x9c5dc]


---------------  P R O C E S S  ---------------

Threads class SMR info:
_java_thread_list=0x00000231d4c388b0, length=1, elements={
0x00000231d4c0ff60
}

Java Threads: ( => current thread )
=>0x00000231d4c0ff60 JavaThread "Unknown thread"             [_thread_in_vm, id=8160, stack(0x0000005694500000,0x0000005694600000) (1024K)]
Total: 1

Other Threads:
  0x00000231e8edca00 WatcherThread "VM Periodic Task Thread"        [id=21144, stack(0x0000005694700000,0x0000005694800000) (1024K)]
  0x00000231d4c2e2e0 WorkerThread "GC Thread#0"                     [id=18760, stack(0x0000005694600000,0x0000005694700000) (1024K)]
Total: 2

Threads with active compile tasks:
Total: 0

VM state: not at safepoint (normal execution)

VM Mutex/Monitor currently owned by a thread: None

Heap address: 0x00000000c0000000, size: 1024 MB, Compressed Oops mode: 32-bit

CDS archive(s) mapped at: [0x0000023180000000-0x0000023180ba0000-0x0000023180ba0000), size 12189696, SharedBaseAddress: 0x0000023180000000, ArchiveRelocationMode: 1.
Compressed class space mapped at: 0x0000023181000000-0x00000231c1000000, reserved size: 1073741824
Narrow klass base: 0x0000023180000000, Narrow klass shift: 0, Narrow klass range: 0x100000000

GC Precious Log:
 CardTable entry size: 512
 CPUs: 12 total, 12 available
 Memory: 7860M
 Large Page Support: Disabled
 NUMA Support: Disabled
 Compressed Oops: Enabled (32-bit)
 Alignments: Space 512K, Generation 512K, Heap 2M
 Heap Min Capacity: 100M
 Heap Initial Capacity: 100M
 Heap Max Capacity: 1G
 Pre-touch: Disabled
 Parallel Workers: 10

Heap:
 PSYoungGen      total 29696K, used 512K [0x00000000eab00000, 0x00000000ecc00000, 0x0000000100000000)
  eden space 25600K, 2% used [0x00000000eab00000,0x00000000eab80020,0x00000000ec400000)
  from space 4096K, 0% used [0x00000000ec800000,0x00000000ec800000,0x00000000ecc00000)
  to   space 4096K, 0% used [0x00000000ec400000,0x00000000ec400000,0x00000000ec800000)
 ParOldGen       total 68608K, used 0K [0x00000000c0000000, 0x00000000c4300000, 0x00000000eab00000)
  object space 68608K, 0% used [0x00000000c0000000,0x00000000c0000000,0x00000000c4300000)
 Metaspace       used 0K, committed 0K, reserved 1048576K
  class space    used 0K, committed 0K, reserved 1048576K

Card table byte_map: [0x00000231d45b0000,0x00000231d47c0000] _byte_map_base: 0x00000231d3fb0000

Marking Bits: (ParMarkBitMap*) 0x00007ffc5f7f3260
 Begin Bits: [0x00000231e6e00000, 0x00000231e7e00000)
 End Bits:   [0x00000231e7e00000, 0x00000231e8e00000)

Polling page: 0x00000231d2a80000

Metaspace:

Usage:
  Non-class:      0 bytes used.
      Class:      0 bytes used.
       Both:      0 bytes used.

Virtual space:
  Non-class space:        0 bytes reserved,       0 bytes (  ?%) committed,  0 nodes.
      Class space:        1.00 GB reserved,       0 bytes (  0%) committed,  1 nodes.
             Both:        1.00 GB reserved,       0 bytes (  0%) committed. 

Chunk freelists:
   Non-Class:  0 bytes
       Class:  16.00 MB
        Both:  16.00 MB

MaxMetaspaceSize: unlimited
CompressedClassSpaceSize: 1.00 GB
Initial GC threshold: 21.00 MB
Current GC threshold: 17179869184.00 GB
CDS: on
 - commit_granule_bytes: 65536.
 - commit_granule_words: 8192.
 - virtual_space_node_default_size: 8388608.
 - enlarge_chunks_in_place: 1.
 - use_allocation_guard: 0.


Internal statistics:

num_allocs_failed_limit: 0.
num_arena_births: 0.
num_arena_deaths: 0.
num_vsnodes_births: 1.
num_vsnodes_deaths: 0.
num_space_committed: 0.
num_space_uncommitted: 0.
num_chunks_returned_to_freelist: 0.
num_chunks_taken_from_freelist: 1.
num_chunk_merges: 0.
num_chunk_splits: 1.
num_chunks_enlarged: 0.
num_inconsistent_stats: 0.

CodeHeap 'non-profiled nmethods': size=120000Kb used=0Kb max_used=0Kb free=120000Kb
 bounds [0x00000231df8d0000, 0x00000231dfb40000, 0x00000231e6e00000]
CodeHeap 'profiled nmethods': size=120000Kb used=0Kb max_used=0Kb free=120000Kb
 bounds [0x00000231d7e00000, 0x00000231d8070000, 0x00000231df330000]
CodeHeap 'non-nmethods': size=5760Kb used=194Kb max_used=342Kb free=5565Kb
 bounds [0x00000231df330000, 0x00000231df5a0000, 0x00000231df8d0000]
 total_blobs=70 nmethods=0 adapters=48
 compilation: enabled
              stopped_count=0, restarted_count=0
 full_count=0

Compilation events (0 events):
No events

GC Heap History (0 events):
No events

Dll operation events (1 events):
Event: 0.032 Loaded shared library c:\Users\saubh\.vscode\extensions\redhat.java-1.41.1-win32-x64\jre\21.0.6-win32-x86_64\bin\java.dll

Deoptimization events (0 events):
No events

Classes loaded (0 events):
No events

Classes unloaded (0 events):
No events

Classes redefined (0 events):
No events

Internal exceptions (0 events):
No events

ZGC Phase Switch (0 events):
No events

VM Operations (0 events):
No events

Memory protections (0 events):
No events

Nmethod flushes (0 events):
No events

Events (1 events):
Event: 0.072 Thread 0x00000231d4c0ff60 Thread added: 0x00000231d4c0ff60


Dynamic libraries:
0x00007ff76cae0000 - 0x00007ff76caee000 	c:\Users\saubh\.vscode\extensions\redhat.java-1.41.1-win32-x64\jre\21.0.6-win32-x86_64\bin\java.exe
0x00007ffd1cfc0000 - 0x00007ffd1d226000 	C:\WINDOWS\SYSTEM32\ntdll.dll
0x00007ffd1b040000 - 0x00007ffd1b109000 	C:\WINDOWS\System32\KERNEL32.DLL
0x00007ffd1a630000 - 0x00007ffd1a9fc000 	C:\WINDOWS\System32\KERNELBASE.dll
0x00007ffd1aaf0000 - 0x00007ffd1ac3b000 	C:\WINDOWS\System32\ucrtbase.dll
0x00007ffcecb90000 - 0x00007ffcecba8000 	c:\Users\saubh\.vscode\extensions\redhat.java-1.41.1-win32-x64\jre\21.0.6-win32-x86_64\bin\jli.dll
0x00007ffd1ae40000 - 0x00007ffd1b00a000 	C:\WINDOWS\System32\USER32.dll
0x00007ffd1aa00000 - 0x00007ffd1aa27000 	C:\WINDOWS\System32\win32u.dll
0x00007ffd1c770000 - 0x00007ffd1c79b000 	C:\WINDOWS\System32\GDI32.dll
0x00007ffd1a150000 - 0x00007ffd1a282000 	C:\WINDOWS\System32\gdi32full.dll
0x00007ffcdfa50000 - 0x00007ffcdfa6e000 	c:\Users\saubh\.vscode\extensions\redhat.java-1.41.1-win32-x64\jre\21.0.6-win32-x86_64\bin\VCRUNTIME140.dll
0x00007ffd1ac40000 - 0x00007ffd1ace3000 	C:\WINDOWS\System32\msvcp_win.dll
0x00007ffcfcf00000 - 0x00007ffcfd19a000 	C:\WINDOWS\WinSxS\amd64_microsoft.windows.common-controls_6595b64144ccf1df_6.0.26100.3912_none_3e07963ce335137e\COMCTL32.dll
0x00007ffd1c2e0000 - 0x00007ffd1c389000 	C:\WINDOWS\System32\msvcrt.dll
0x00007ffd1ad80000 - 0x00007ffd1adb0000 	C:\WINDOWS\System32\IMM32.DLL
0x00007ffcdfac0000 - 0x00007ffcdfacc000 	c:\Users\saubh\.vscode\extensions\redhat.java-1.41.1-win32-x64\jre\21.0.6-win32-x86_64\bin\vcruntime140_1.dll
0x00007ffcc2c40000 - 0x00007ffcc2ccd000 	c:\Users\saubh\.vscode\extensions\redhat.java-1.41.1-win32-x64\jre\21.0.6-win32-x86_64\bin\msvcp140.dll
0x00007ffc5eb40000 - 0x00007ffc5f8d0000 	c:\Users\saubh\.vscode\extensions\redhat.java-1.41.1-win32-x64\jre\21.0.6-win32-x86_64\bin\server\jvm.dll
0x00007ffd1c6b0000 - 0x00007ffd1c762000 	C:\WINDOWS\System32\ADVAPI32.dll
0x00007ffd1c580000 - 0x00007ffd1c626000 	C:\WINDOWS\System32\sechost.dll
0x00007ffd1bb30000 - 0x00007ffd1bc46000 	C:\WINDOWS\System32\RPCRT4.dll
0x00007ffd1b850000 - 0x00007ffd1b8c4000 	C:\WINDOWS\System32\WS2_32.dll
0x00007ffd0d410000 - 0x00007ffd0d446000 	C:\WINDOWS\SYSTEM32\WINMM.dll
0x00007ffd08280000 - 0x00007ffd0828b000 	C:\WINDOWS\SYSTEM32\VERSION.dll
0x00007ffd19600000 - 0x00007ffd1965e000 	C:\WINDOWS\SYSTEM32\POWRPROF.dll
0x00007ffd195b0000 - 0x00007ffd195c4000 	C:\WINDOWS\SYSTEM32\UMPDC.dll
0x00007ffd18ef0000 - 0x00007ffd18f0a000 	C:\WINDOWS\SYSTEM32\kernel.appcore.dll
0x00007ffcdf3d0000 - 0x00007ffcdf3da000 	c:\Users\saubh\.vscode\extensions\redhat.java-1.41.1-win32-x64\jre\21.0.6-win32-x86_64\bin\jimage.dll
0x00007ffd17890000 - 0x00007ffd17ad1000 	C:\WINDOWS\SYSTEM32\DBGHELP.DLL
0x00007ffd1b270000 - 0x00007ffd1b5f4000 	C:\WINDOWS\System32\combase.dll
0x00007ffd1b8d0000 - 0x00007ffd1b9b0000 	C:\WINDOWS\System32\OLEAUT32.dll
0x00007ffcec660000 - 0x00007ffcec699000 	C:\WINDOWS\SYSTEM32\dbgcore.DLL
0x00007ffd1a290000 - 0x00007ffd1a329000 	C:\WINDOWS\System32\bcryptPrimitives.dll
0x00007ffcdab10000 - 0x00007ffcdab1f000 	c:\Users\saubh\.vscode\extensions\redhat.java-1.41.1-win32-x64\jre\21.0.6-win32-x86_64\bin\instrument.dll
0x00007ffcc75a0000 - 0x00007ffcc75bf000 	c:\Users\saubh\.vscode\extensions\redhat.java-1.41.1-win32-x64\jre\21.0.6-win32-x86_64\bin\java.dll

dbghelp: loaded successfully - version: 4.0.5 - missing functions: none
symbol engine: initialized successfully - sym options: 0x614 - pdb path: .;c:\Users\saubh\.vscode\extensions\redhat.java-1.41.1-win32-x64\jre\21.0.6-win32-x86_64\bin;C:\WINDOWS\SYSTEM32;C:\WINDOWS\WinSxS\amd64_microsoft.windows.common-controls_6595b64144ccf1df_6.0.26100.3912_none_3e07963ce335137e;c:\Users\saubh\.vscode\extensions\redhat.java-1.41.1-win32-x64\jre\21.0.6-win32-x86_64\bin\server

VM Arguments:
jvm_args: --add-modules=ALL-SYSTEM --add-opens=java.base/java.util=ALL-UNNAMED --add-opens=java.base/java.lang=ALL-UNNAMED --add-opens=java.base/sun.nio.fs=ALL-UNNAMED -Declipse.application=org.eclipse.jdt.ls.core.id1 -Dosgi.bundles.defaultStartLevel=4 -Declipse.product=org.eclipse.jdt.ls.core.product -Djava.import.generatesMetadataFilesAtProjectRoot=false -DDetectVMInstallationsJob.disabled=true -Dfile.encoding=utf8 -XX:+UseParallelGC -XX:GCTimeRatio=4 -XX:AdaptiveSizePolicyWeight=90 -Dsun.zip.disableMemoryMapping=true -Xmx1G -Xms100m -Xlog:disable -javaagent:c:\Users\saubh\.vscode\extensions\redhat.java-1.41.1-win32-x64\lombok\lombok-1.18.36.jar -XX:+HeapDumpOnOutOfMemoryError -XX:HeapDumpPath=c:\Users\saubh\AppData\Roaming\Code\User\workspaceStorage\335ce49ca60891c5c2091c6e9d08639f\redhat.java -Daether.dependencyCollector.impl=bf 
java_command: c:\Users\saubh\.vscode\extensions\redhat.java-1.41.1-win32-x64\server\plugins\org.eclipse.equinox.launcher_1.7.0.v20250331-1702.jar -configuration c:\Users\saubh\AppData\Roaming\Code\User\globalStorage\redhat.java\1.41.1\config_win -data c:\Users\saubh\AppData\Roaming\Code\User\workspaceStorage\335ce49ca60891c5c2091c6e9d08639f\redhat.java\jdt_ws --pipe=\\.\pipe\lsp-14c630efb025970ec35ccabfe1c843ac-sock
java_class_path (initial): c:\Users\saubh\.vscode\extensions\redhat.java-1.41.1-win32-x64\server\plugins\org.eclipse.equinox.launcher_1.7.0.v20250331-1702.jar
Launcher Type: SUN_STANDARD

[Global flags]
    uintx AdaptiveSizePolicyWeight                 = 90                                        {product} {command line}
     intx CICompilerCount                          = 4                                         {product} {ergonomic}
    uintx GCTimeRatio                              = 4                                         {product} {command line}
     bool HeapDumpOnOutOfMemoryError               = true                                   {manageable} {command line}
    ccstr HeapDumpPath                             = c:\Users\saubh\AppData\Roaming\Code\User\workspaceStorage\335ce49ca60891c5c2091c6e9d08639f\redhat.java         {manageable} {command line}
   size_t InitialHeapSize                          = 104857600                                 {product} {command line}
   size_t MaxHeapSize                              = 1073741824                                {product} {command line}
   size_t MaxNewSize                               = 357564416                                 {product} {ergonomic}
   size_t MinHeapDeltaBytes                        = 524288                                    {product} {ergonomic}
   size_t MinHeapSize                              = 104857600                                 {product} {command line}
   size_t NewSize                                  = 34603008                                  {product} {ergonomic}
    uintx NonNMethodCodeHeapSize                   = 5839372                                {pd product} {ergonomic}
    uintx NonProfiledCodeHeapSize                  = 122909434                              {pd product} {ergonomic}
   size_t OldSize                                  = 70254592                                  {product} {ergonomic}
    uintx ProfiledCodeHeapSize                     = 122909434                              {pd product} {ergonomic}
    uintx ReservedCodeCacheSize                    = 251658240                              {pd product} {ergonomic}
     bool SegmentedCodeCache                       = true                                      {product} {ergonomic}
   size_t SoftMaxHeapSize                          = 1073741824                             {manageable} {ergonomic}
     bool UseCompressedOops                        = true                           {product lp64_product} {ergonomic}
     bool UseLargePagesIndividualAllocation        = false                                  {pd product} {ergonomic}
     bool UseParallelGC                            = true                                      {product} {command line}

Logging:
Log output configuration:
 #0: stdout all=off uptime,level,tags foldmultilines=false
 #1: stderr all=off uptime,level,tags foldmultilines=false

Environment Variables:
JAVA_HOME=C:\Program Files\Java\jdk-23
PATH=C:\Python313\Scripts\;C:\Python313\;C:\Program Files\Common Files\Oracle\Java\javapath;C:\WINDOWS\system32;C:\WINDOWS;C:\WINDOWS\System32\Wbem;C:\WINDOWS\System32\WindowsPowerShell\v1.0\;C:\WINDOWS\System32\OpenSSH\;C:\MinGW\bin;C:\Program Files\Git\cmd;C:\Program Files\Java\jdk-23\bin;C:\Users\saubh\Desktop\softwares and antivirus\Microsoft VS Code\bin;C:\Program Files\PuTTY\;D:\;C:\ProgramData\chocolatey\bin;C:\ProgramData\Microsoft\Windows\Start Menu\Programs\Node.js;D:\D drive\java\Sdps;C:\Program Files\Cloudflare\Cloudflare WARP\;C:\Users\saubh\AppData\Local\Programs\Python\Python310\Scripts\;C:\Users\saubh\AppData\Local\Programs\Python\Python310\;C:\Users\saubh\AppData\Local\Microsoft\WindowsApps;C:\Users\saubh\AppData\Roaming\npm;D:\D drive\cursor\resources\app\bin
USERNAME=saubh
OS=Windows_NT
PROCESSOR_IDENTIFIER=Intel64 Family 6 Model 154 Stepping 3, GenuineIntel
TMP=C:\Users\saubh\AppData\Local\Temp
TEMP=C:\Users\saubh\AppData\Local\Temp




Periodic native trim disabled

---------------  S Y S T E M  ---------------

OS:
 Windows 11 , 64 bit Build 26100 (10.0.26100.3912)
OS uptime: 7 days 18:16 hours
Hyper-V role detected

CPU: total 12 (initial active 12) (6 cores per cpu, 2 threads per core) family 6 model 154 stepping 3 microcode 0x434, cx8, cmov, fxsr, ht, mmx, 3dnowpref, sse, sse2, sse3, ssse3, sse4.1, sse4.2, popcnt, lzcnt, tsc, tscinvbit, avx, avx2, aes, erms, clmul, bmi1, bmi2, adx, sha, fma, vzeroupper, clflush, clflushopt, clwb, hv, serialize, rdtscp, rdpid, fsrm, f16c, cet_ibt, cet_ss
Processor Information for the first 12 processors :
  Max Mhz: 2000, Current Mhz: 2000, Mhz Limit: 2000

Memory: 4k page, system-wide physical 7860M (814M free)
TotalPageFile size 16407M (AvailPageFile size 33M)
current process WorkingSet (physical memory assigned to process): 26M, peak: 26M
current process commit charge ("private bytes"): 183M, peak: 184M

vm_info: OpenJDK 64-Bit Server VM (21.0.6+7-LTS) for windows-amd64 JRE (21.0.6+7-LTS), built on 2025-01-21T00:00:00Z by "admin" with MS VC++ 17.7 (VS2022)

END.
