#
# There is insufficient memory for the Java Runtime Environment to continue.
# Native memory allocation (malloc) failed to allocate 219488 bytes. Error detail: Chunk::new
# Possible reasons:
#   The system is out of physical RAM or swap space
#   This process is running with CompressedOops enabled, and the Java Heap may be blocking the growth of the native heap
# Possible solutions:
#   Reduce memory load on the system
#   Increase physical memory or swap space
#   Check if swap backing store is full
#   Decrease Java heap size (-Xmx/-Xms)
#   Decrease number of Java threads
#   Decrease Java thread stack sizes (-Xss)
#   Set larger code cache with -XX:ReservedCodeCacheSize=
#   JVM is running with Unscaled Compressed Oops mode in which the Java heap is
#     placed in the first 4GB address space. The Java Heap base address is the
#     maximum limit for the native heap growth. Please use -XX:HeapBaseMinAddress
#     to set the Java Heap base and to place the Java Heap above 4GB virtual address.
# This output file may be truncated or incomplete.
#
#  Out of Memory Error (arena.cpp:168), pid=16396, tid=8748
#
# JRE version: OpenJDK Runtime Environment Temurin-21.0.6+7 (21.0.6+7) (build 21.0.6+7-LTS)
# Java VM: OpenJDK 64-Bit Server VM Temurin-21.0.6+7 (21.0.6+7-LTS, mixed mode, sharing, tiered, compressed oops, compressed class ptrs, parallel gc, windows-amd64)
# No core dump will be written. Minidumps are not enabled by default on client versions of Windows
#

---------------  S U M M A R Y ------------

Command Line: --add-modules=ALL-SYSTEM --add-opens=java.base/java.util=ALL-UNNAMED --add-opens=java.base/java.lang=ALL-UNNAMED --add-opens=java.base/sun.nio.fs=ALL-UNNAMED -Declipse.application=org.eclipse.jdt.ls.core.id1 -Dosgi.bundles.defaultStartLevel=4 -Declipse.product=org.eclipse.jdt.ls.core.product -Djava.import.generatesMetadataFilesAtProjectRoot=false -DDetectVMInstallationsJob.disabled=true -Dfile.encoding=utf8 -XX:+UseParallelGC -XX:GCTimeRatio=4 -XX:AdaptiveSizePolicyWeight=90 -Dsun.zip.disableMemoryMapping=true -Xmx1G -Xms100m -Xlog:disable -javaagent:c:\Users\saubh\.vscode\extensions\redhat.java-1.41.1-win32-x64\lombok\lombok-1.18.36.jar c:\Users\saubh\.vscode\extensions\redhat.java-1.41.1-win32-x64\server\plugins\org.eclipse.equinox.launcher_1.7.0.v20250331-1702.jar -configuration c:\Users\saubh\AppData\Roaming\Code\User\globalStorage\redhat.java\1.41.1\config_ss_win -data c:\Users\saubh\AppData\Roaming\Code\User\workspaceStorage\335ce49ca60891c5c2091c6e9d08639f\redhat.java\ss_ws --pipe=\\.\pipe\lsp-30b39526677477f7f891e4417e1f94b9-sock

Host: 12th Gen Intel(R) Core(TM) i5-12450H, 12 cores, 7G,  Windows 11 , 64 bit Build 26100 (10.0.26100.3912)
Time: Thu May 15 23:26:07 2025 India Standard Time elapsed time: 2.136639 seconds (0d 0h 0m 2s)

---------------  T H R E A D  ---------------

Current thread (0x0000018877ddfde0):  JavaThread "C2 CompilerThread1" daemon [_thread_in_native, id=8748, stack(0x0000003e1ea00000,0x0000003e1eb00000) (1024K)]


Current CompileTask:
C2:2136 1628   !   4       java.lang.String::<init> (890 bytes)

Stack: [0x0000003e1ea00000,0x0000003e1eb00000]
Native frames: (J=compiled Java code, j=interpreted, Vv=VM code, C=native code)
V  [jvm.dll+0x6cdee9]
V  [jvm.dll+0x8a83d1]
V  [jvm.dll+0x8aa8fe]
V  [jvm.dll+0x8aafe3]
V  [jvm.dll+0x27f706]
V  [jvm.dll+0xc500d]
V  [jvm.dll+0xc5543]
V  [jvm.dll+0x3b678c]
V  [jvm.dll+0x382935]
V  [jvm.dll+0x381d9a]
V  [jvm.dll+0x2479f0]
V  [jvm.dll+0x246fcf]
V  [jvm.dll+0x1c75ee]
V  [jvm.dll+0x25685a]
V  [jvm.dll+0x254dfa]
V  [jvm.dll+0x3f0256]
V  [jvm.dll+0x851f8b]
V  [jvm.dll+0x6cc5ed]
C  [ucrtbase.dll+0x37b0]
C  [KERNEL32.DLL+0x2e8d7]
C  [ntdll.dll+0x9c5dc]


---------------  P R O C E S S  ---------------

Threads class SMR info:
_java_thread_list=0x000001887c18a270, length=13, elements={
0x000001881fee4710, 0x000001881ff833d0, 0x00000188342cd270, 0x000001881ff8c720,
0x000001881ff8f690, 0x000001881ff95060, 0x000001881ff95ab0, 0x000001881ff9c380,
0x000001881ff9ded0, 0x000001887687e030, 0x0000018876b0f8c0, 0x0000018877ddfde0,
0x0000018877b1ab90
}

Java Threads: ( => current thread )
  0x000001881fee4710 JavaThread "main"                              [_thread_in_vm, id=2200, stack(0x0000003e1dc00000,0x0000003e1dd00000) (1024K)]
  0x000001881ff833d0 JavaThread "Reference Handler"          daemon [_thread_blocked, id=19916, stack(0x0000003e1e000000,0x0000003e1e100000) (1024K)]
  0x00000188342cd270 JavaThread "Finalizer"                  daemon [_thread_blocked, id=14648, stack(0x0000003e1e100000,0x0000003e1e200000) (1024K)]
  0x000001881ff8c720 JavaThread "Signal Dispatcher"          daemon [_thread_blocked, id=8356, stack(0x0000003e1e200000,0x0000003e1e300000) (1024K)]
  0x000001881ff8f690 JavaThread "Attach Listener"            daemon [_thread_blocked, id=5384, stack(0x0000003e1e300000,0x0000003e1e400000) (1024K)]
  0x000001881ff95060 JavaThread "Service Thread"             daemon [_thread_blocked, id=15700, stack(0x0000003e1e400000,0x0000003e1e500000) (1024K)]
  0x000001881ff95ab0 JavaThread "Monitor Deflation Thread"   daemon [_thread_blocked, id=19416, stack(0x0000003e1e500000,0x0000003e1e600000) (1024K)]
  0x000001881ff9c380 JavaThread "C2 CompilerThread0"         daemon [_thread_in_native, id=10336, stack(0x0000003e1e600000,0x0000003e1e700000) (1024K)]
  0x000001881ff9ded0 JavaThread "C1 CompilerThread0"         daemon [_thread_blocked, id=14284, stack(0x0000003e1e700000,0x0000003e1e800000) (1024K)]
  0x000001887687e030 JavaThread "Common-Cleaner"             daemon [_thread_blocked, id=9248, stack(0x0000003e1e800000,0x0000003e1e900000) (1024K)]
  0x0000018876b0f8c0 JavaThread "Notification Thread"        daemon [_thread_blocked, id=10896, stack(0x0000003e1e900000,0x0000003e1ea00000) (1024K)]
=>0x0000018877ddfde0 JavaThread "C2 CompilerThread1"         daemon [_thread_in_native, id=8748, stack(0x0000003e1ea00000,0x0000003e1eb00000) (1024K)]
  0x0000018877b1ab90 JavaThread "Active Thread: Equinox Container: fc720f22-6cf5-4c8a-b796-7b880fe3d602"        [_thread_blocked, id=9468, stack(0x0000003e1f100000,0x0000003e1f200000) (1024K)]
Total: 13

Other Threads:
  0x00000188342b7ad0 VMThread "VM Thread"                           [id=8076, stack(0x0000003e1df00000,0x0000003e1e000000) (1024K)]
  0x00000188341aca00 WatcherThread "VM Periodic Task Thread"        [id=20400, stack(0x0000003e1de00000,0x0000003e1df00000) (1024K)]
  0x000001881ff02da0 WorkerThread "GC Thread#0"                     [id=20288, stack(0x0000003e1dd00000,0x0000003e1de00000) (1024K)]
  0x00000188777a62e0 WorkerThread "GC Thread#1"                     [id=5116, stack(0x0000003e1eb00000,0x0000003e1ec00000) (1024K)]
  0x00000188777a6680 WorkerThread "GC Thread#2"                     [id=19108, stack(0x0000003e1ec00000,0x0000003e1ed00000) (1024K)]
  0x0000018877af2ce0 WorkerThread "GC Thread#3"                     [id=18572, stack(0x0000003e1ed00000,0x0000003e1ee00000) (1024K)]
  0x0000018877af3080 WorkerThread "GC Thread#4"                     [id=8104, stack(0x0000003e1ee00000,0x0000003e1ef00000) (1024K)]
  0x0000018877ab6420 WorkerThread "GC Thread#5"                     [id=20076, stack(0x0000003e1ef00000,0x0000003e1f000000) (1024K)]
  0x0000018877ab67c0 WorkerThread "GC Thread#6"                     [id=17552, stack(0x0000003e1f000000,0x0000003e1f100000) (1024K)]
Total: 9

Threads with active compile tasks:
C2 CompilerThread0  2168 1634       4       java.math.BigInteger::implMultiplyToLen (216 bytes)
C2 CompilerThread1  2168 1628   !   4       java.lang.String::<init> (890 bytes)
Total: 2

VM state: not at safepoint (normal execution)

VM Mutex/Monitor currently owned by a thread:  ([mutex/lock_event])
[0x00007ffa5774c300] Metaspace_lock - owner thread: 0x000001881fee4710

Heap address: 0x00000000c0000000, size: 1024 MB, Compressed Oops mode: 32-bit

CDS archive(s) mapped at: [0x0000018835000000-0x0000018835ba0000-0x0000018835ba0000), size 12189696, SharedBaseAddress: 0x0000018835000000, ArchiveRelocationMode: 1.
Compressed class space mapped at: 0x0000018836000000-0x0000018876000000, reserved size: 1073741824
Narrow klass base: 0x0000018835000000, Narrow klass shift: 0, Narrow klass range: 0x100000000

GC Precious Log:
 CardTable entry size: 512
 CPUs: 12 total, 12 available
 Memory: 7860M
 Large Page Support: Disabled
 NUMA Support: Disabled
 Compressed Oops: Enabled (32-bit)
 Alignments: Space 512K, Generation 512K, Heap 2M
 Heap Min Capacity: 100M
 Heap Initial Capacity: 100M
 Heap Max Capacity: 1G
 Pre-touch: Disabled
 Parallel Workers: 10

Heap:
 PSYoungGen      total 29696K, used 24527K [0x00000000eab00000, 0x00000000ecc00000, 0x0000000100000000)
  eden space 25600K, 83% used [0x00000000eab00000,0x00000000ebfc8328,0x00000000ec400000)
  from space 4096K, 79% used [0x00000000ec400000,0x00000000ec72baa0,0x00000000ec800000)
  to   space 4096K, 0% used [0x00000000ec800000,0x00000000ec800000,0x00000000ecc00000)
 ParOldGen       total 68608K, used 16K [0x00000000c0000000, 0x00000000c4300000, 0x00000000eab00000)
  object space 68608K, 0% used [0x00000000c0000000,0x00000000c0004000,0x00000000c4300000)
 Metaspace       used 7573K, committed 7872K, reserved 1114112K
  class space    used 734K, committed 896K, reserved 1048576K

Card table byte_map: [0x000001881f880000,0x000001881fa90000] _byte_map_base: 0x000001881f280000

Marking Bits: (ParMarkBitMap*) 0x00007ffa57753260
 Begin Bits: [0x00000188320d0000, 0x00000188330d0000)
 End Bits:   [0x00000188330d0000, 0x00000188340d0000)

Polling page: 0x000001881dcc0000

Metaspace:

Usage:
  Non-class:      6.68 MB used.
      Class:    734.21 KB used.
       Both:      7.40 MB used.

Virtual space:
  Non-class space:       64.00 MB reserved,       6.81 MB ( 11%) committed,  1 nodes.
      Class space:        1.00 GB reserved,     896.00 KB ( <1%) committed,  1 nodes.
             Both:        1.06 GB reserved,       7.69 MB ( <1%) committed. 

Chunk freelists:
   Non-Class:  8.92 MB
       Class:  14.97 MB
        Both:  23.89 MB

MaxMetaspaceSize: unlimited
CompressedClassSpaceSize: 1.00 GB
Initial GC threshold: 21.00 MB
Current GC threshold: 21.00 MB
CDS: on
 - commit_granule_bytes: 65536.
 - commit_granule_words: 8192.
 - virtual_space_node_default_size: 8388608.
 - enlarge_chunks_in_place: 1.
 - use_allocation_guard: 0.


Internal statistics:

num_allocs_failed_limit: 0.
num_arena_births: 226.
num_arena_deaths: 0.
num_vsnodes_births: 2.
num_vsnodes_deaths: 0.
num_space_committed: 123.
num_space_uncommitted: 0.
num_chunks_returned_to_freelist: 0.
num_chunks_taken_from_freelist: 398.
num_chunk_merges: 0.
num_chunk_splits: 271.
num_chunks_enlarged: 178.
num_inconsistent_stats: 0.

CodeHeap 'non-profiled nmethods': size=120000Kb used=714Kb max_used=714Kb free=119285Kb
 bounds [0x000001882aba0000, 0x000001882ae10000, 0x00000188320d0000]
CodeHeap 'profiled nmethods': size=120000Kb used=2920Kb max_used=2920Kb free=117079Kb
 bounds [0x00000188230d0000, 0x00000188233b0000, 0x000001882a600000]
CodeHeap 'non-nmethods': size=5760Kb used=1211Kb max_used=1235Kb free=4548Kb
 bounds [0x000001882a600000, 0x000001882a870000, 0x000001882aba0000]
 total_blobs=2121 nmethods=1644 adapters=384
 compilation: enabled
              stopped_count=0, restarted_count=0
 full_count=0

Compilation events (20 events):
Event: 2.123 Thread 0x000001881ff9ded0 nmethod 1639 0x000001882339e790 code [0x000001882339e960, 0x000001882339eca8]
Event: 2.124 Thread 0x000001881ff9ded0 1641       3       java.util.regex.Pattern$SliceI::match (96 bytes)
Event: 2.124 Thread 0x000001881ff9ded0 nmethod 1641 0x000001882339ee10 code [0x000001882339f020, 0x000001882339f648]
Event: 2.128 Thread 0x000001881ff9c380 nmethod 1629 0x000001882ac51390 code [0x000001882ac515c0, 0x000001882ac520b0]
Event: 2.129 Thread 0x000001881ff9c380 1634       4       java.math.BigInteger::implMultiplyToLen (216 bytes)
Event: 2.129 Thread 0x000001881ff9ded0 1642       3       java.lang.invoke.LambdaForm$DMH/0x000001883608c400::newInvokeSpecial (27 bytes)
Event: 2.130 Thread 0x000001881ff9ded0 nmethod 1642 0x000001882339f890 code [0x000001882339faa0, 0x00000188233a02d8]
Event: 2.130 Thread 0x000001881ff9ded0 1643       3       java.lang.Math::clamp (49 bytes)
Event: 2.130 Thread 0x000001881ff9ded0 nmethod 1643 0x00000188233a0590 code [0x00000188233a07e0, 0x00000188233a0fa8]
Event: 2.130 Thread 0x000001881ff9ded0 1644       3       java.lang.Math::min (12 bytes)
Event: 2.130 Thread 0x000001881ff9ded0 nmethod 1644 0x00000188233a1310 code [0x00000188233a14a0, 0x00000188233a15d0]
Event: 2.130 Thread 0x000001881ff9ded0 1645       3       sun.security.provider.SHA2::resetHashes (19 bytes)
Event: 2.130 Thread 0x000001881ff9ded0 nmethod 1645 0x00000188233a1690 code [0x00000188233a1840, 0x00000188233a19f0]
Event: 2.130 Thread 0x000001881ff9ded0 1649       3       sun.security.provider.ByteArrayAccess::i2bBig (33 bytes)
Event: 2.131 Thread 0x000001881ff9ded0 nmethod 1649 0x00000188233a1b10 code [0x00000188233a1d20, 0x00000188233a2420]
Event: 2.131 Thread 0x000001881ff9ded0 1646   !   3       sun.security.provider.DigestBase::engineDigest (33 bytes)
Event: 2.132 Thread 0x000001881ff9ded0 nmethod 1646 0x00000188233a2790 code [0x00000188233a2960, 0x00000188233a2c10]
Event: 2.132 Thread 0x000001881ff9ded0 1647       3       sun.security.provider.DigestBase::engineDigest (112 bytes)
Event: 2.133 Thread 0x000001881ff9ded0 nmethod 1647 0x00000188233a2d10 code [0x00000188233a2fe0, 0x00000188233a3be8]
Event: 2.133 Thread 0x000001881ff9ded0 1648       3       sun.security.provider.SHA2::implDigest (98 bytes)

GC Heap History (2 events):
Event: 1.252 GC heap before
{Heap before GC invocations=1 (full 0):
 PSYoungGen      total 29696K, used 25600K [0x00000000eab00000, 0x00000000ecc00000, 0x0000000100000000)
  eden space 25600K, 100% used [0x00000000eab00000,0x00000000ec400000,0x00000000ec400000)
  from space 4096K, 0% used [0x00000000ec800000,0x00000000ec800000,0x00000000ecc00000)
  to   space 4096K, 0% used [0x00000000ec400000,0x00000000ec400000,0x00000000ec800000)
 ParOldGen       total 68608K, used 0K [0x00000000c0000000, 0x00000000c4300000, 0x00000000eab00000)
  object space 68608K, 0% used [0x00000000c0000000,0x00000000c0000000,0x00000000c4300000)
 Metaspace       used 4339K, committed 4544K, reserved 1114112K
  class space    used 438K, committed 512K, reserved 1048576K
}
Event: 1.262 GC heap after
{Heap after GC invocations=1 (full 0):
 PSYoungGen      total 29696K, used 3246K [0x00000000eab00000, 0x00000000ecc00000, 0x0000000100000000)
  eden space 25600K, 0% used [0x00000000eab00000,0x00000000eab00000,0x00000000ec400000)
  from space 4096K, 79% used [0x00000000ec400000,0x00000000ec72baa0,0x00000000ec800000)
  to   space 4096K, 0% used [0x00000000ec800000,0x00000000ec800000,0x00000000ecc00000)
 ParOldGen       total 68608K, used 16K [0x00000000c0000000, 0x00000000c4300000, 0x00000000eab00000)
  object space 68608K, 0% used [0x00000000c0000000,0x00000000c0004000,0x00000000c4300000)
 Metaspace       used 4339K, committed 4544K, reserved 1114112K
  class space    used 438K, committed 512K, reserved 1048576K
}

Dll operation events (8 events):
Event: 0.079 Loaded shared library c:\Users\saubh\.vscode\extensions\redhat.java-1.41.1-win32-x64\jre\21.0.6-win32-x86_64\bin\java.dll
Event: 0.212 Loaded shared library c:\Users\saubh\.vscode\extensions\redhat.java-1.41.1-win32-x64\jre\21.0.6-win32-x86_64\bin\zip.dll
Event: 0.232 Loaded shared library C:\Users\saubh\.vscode\extensions\redhat.java-1.41.1-win32-x64\jre\21.0.6-win32-x86_64\bin\instrument.dll
Event: 0.238 Loaded shared library C:\Users\saubh\.vscode\extensions\redhat.java-1.41.1-win32-x64\jre\21.0.6-win32-x86_64\bin\net.dll
Event: 0.242 Loaded shared library C:\Users\saubh\.vscode\extensions\redhat.java-1.41.1-win32-x64\jre\21.0.6-win32-x86_64\bin\nio.dll
Event: 0.249 Loaded shared library C:\Users\saubh\.vscode\extensions\redhat.java-1.41.1-win32-x64\jre\21.0.6-win32-x86_64\bin\zip.dll
Event: 0.280 Loaded shared library C:\Users\saubh\.vscode\extensions\redhat.java-1.41.1-win32-x64\jre\21.0.6-win32-x86_64\bin\jimage.dll
Event: 0.379 Loaded shared library c:\Users\saubh\.vscode\extensions\redhat.java-1.41.1-win32-x64\jre\21.0.6-win32-x86_64\bin\verify.dll

Deoptimization events (20 events):
Event: 1.789 Thread 0x000001881fee4710 DEOPT PACKING pc=0x000001882316c98d sp=0x0000003e1dcf4300
Event: 1.789 Thread 0x000001881fee4710 DEOPT UNPACKING pc=0x000001882a654242 sp=0x0000003e1dcf37b0 mode 0
Event: 1.813 Thread 0x000001881fee4710 DEOPT PACKING pc=0x000001882316c98d sp=0x0000003e1dcf4370
Event: 1.813 Thread 0x000001881fee4710 DEOPT UNPACKING pc=0x000001882a654242 sp=0x0000003e1dcf3820 mode 0
Event: 2.000 Thread 0x000001881fee4710 Uncommon trap: trap_request=0xffffff45 fr.pc=0x000001882ac18d4c relative=0x00000000000000ac
Event: 2.000 Thread 0x000001881fee4710 Uncommon trap: reason=unstable_if action=reinterpret pc=0x000001882ac18d4c method=java.util.concurrent.locks.ReentrantLock$NonfairSync.initialTryLock()Z @ 10 c2
Event: 2.000 Thread 0x000001881fee4710 DEOPT PACKING pc=0x000001882ac18d4c sp=0x0000003e1dcfe9c0
Event: 2.000 Thread 0x000001881fee4710 DEOPT UNPACKING pc=0x000001882a653aa2 sp=0x0000003e1dcfe950 mode 2
Event: 2.000 Thread 0x000001881fee4710 Uncommon trap: trap_request=0xffffff45 fr.pc=0x000001882ac189b4 relative=0x0000000000000094
Event: 2.000 Thread 0x000001881fee4710 Uncommon trap: reason=unstable_if action=reinterpret pc=0x000001882ac189b4 method=java.util.concurrent.locks.ReentrantLock$Sync.tryRelease(I)Z @ 26 c2
Event: 2.000 Thread 0x000001881fee4710 DEOPT PACKING pc=0x000001882ac189b4 sp=0x0000003e1dcfea90
Event: 2.000 Thread 0x000001881fee4710 DEOPT UNPACKING pc=0x000001882a653aa2 sp=0x0000003e1dcfea10 mode 2
Event: 2.119 Thread 0x000001881fee4710 DEOPT PACKING pc=0x0000018823238888 sp=0x0000003e1dcfc560
Event: 2.120 Thread 0x000001881fee4710 DEOPT UNPACKING pc=0x000001882a654242 sp=0x0000003e1dcfb9e0 mode 0
Event: 2.121 Thread 0x000001881fee4710 DEOPT PACKING pc=0x0000018823238888 sp=0x0000003e1dcfc870
Event: 2.121 Thread 0x000001881fee4710 DEOPT UNPACKING pc=0x000001882a654242 sp=0x0000003e1dcfbcf0 mode 0
Event: 2.123 Thread 0x000001881fee4710 DEOPT PACKING pc=0x0000018823238888 sp=0x0000003e1dcfc7c0
Event: 2.123 Thread 0x000001881fee4710 DEOPT UNPACKING pc=0x000001882a654242 sp=0x0000003e1dcfbc40 mode 0
Event: 2.123 Thread 0x000001881fee4710 DEOPT PACKING pc=0x0000018823238888 sp=0x0000003e1dcfcac0
Event: 2.123 Thread 0x000001881fee4710 DEOPT UNPACKING pc=0x000001882a654242 sp=0x0000003e1dcfbf40 mode 0

Classes loaded (20 events):
Event: 2.018 Loading class java/util/concurrent/Executors$RunnableAdapter
Event: 2.018 Loading class java/util/concurrent/Executors$RunnableAdapter done
Event: 2.019 Loading class java/util/concurrent/ThreadPoolExecutor$Worker
Event: 2.019 Loading class java/util/concurrent/ThreadPoolExecutor$Worker done
Event: 2.045 Loading class java/util/ArrayList$ListItr
Event: 2.046 Loading class java/util/ArrayList$ListItr done
Event: 2.071 Loading class java/util/ConcurrentModificationException
Event: 2.071 Loading class java/util/ConcurrentModificationException done
Event: 2.081 Loading class java/util/LinkedList
Event: 2.081 Loading class java/util/AbstractSequentialList
Event: 2.081 Loading class java/util/AbstractSequentialList done
Event: 2.081 Loading class java/util/LinkedList done
Event: 2.090 Loading class java/net/ContentHandlerFactory
Event: 2.091 Loading class java/net/ContentHandlerFactory done
Event: 2.096 Loading class java/net/ContentHandler
Event: 2.096 Loading class java/net/ContentHandler done
Event: 2.112 Loading class javax/xml/parsers/ParserConfigurationException
Event: 2.112 Loading class javax/xml/parsers/ParserConfigurationException done
Event: 2.115 Loading class java/security/KeyStoreException
Event: 2.116 Loading class java/security/KeyStoreException done

Classes unloaded (0 events):
No events

Classes redefined (0 events):
No events

Internal exceptions (20 events):
Event: 1.172 Thread 0x000001881fee4710 Exception <a 'java/lang/ClassNotFoundException'{0x00000000ec2bd0d0}: sun/net/www/protocol/d/Handler> (0x00000000ec2bd0d0) 
thrown [s\src\hotspot\share\classfile\systemDictionary.cpp, line 312]
Event: 1.173 Thread 0x000001881fee4710 Exception <a 'java/lang/ClassNotFoundException'{0x00000000ec2be248}: sun/net/www/protocol/c/Handler> (0x00000000ec2be248) 
thrown [s\src\hotspot\share\classfile\systemDictionary.cpp, line 312]
Event: 1.198 Thread 0x000001881fee4710 Exception <a 'java/io/FileNotFoundException'{0x00000000ec2e2d50}> (0x00000000ec2e2d50) 
thrown [s\src\hotspot\share\prims\jni.cpp, line 520]
Event: 1.264 Thread 0x000001881fee4710 Implicit null exception at 0x000001882abf3a49 to 0x000001882abf43b4
Event: 1.264 Thread 0x000001881fee4710 Implicit null exception at 0x000001882abfa19a to 0x000001882abfa3a4
Event: 1.265 Thread 0x000001881fee4710 Exception <a 'java/lang/NoSuchMethodError'{0x00000000eab0d8a8}: 'void java.lang.invoke.DirectMethodHandle$Holder.invokeStatic(java.lang.Object, java.lang.Object, java.lang.Object, java.lang.Object)'> (0x00000000eab0d8a8) 
thrown [s\src\hotspot\share\interpreter\linkResolver.cpp, line 773]
Event: 1.460 Thread 0x000001881fee4710 Exception <a 'java/lang/NoSuchMethodError'{0x00000000ead8a928}: 'long java.lang.invoke.DirectMethodHandle$Holder.invokeStatic(java.lang.Object, java.lang.Object, int)'> (0x00000000ead8a928) 
thrown [s\src\hotspot\share\interpreter\linkResolver.cpp, line 773]
Event: 1.461 Thread 0x000001881fee4710 Exception <a 'java/lang/NoSuchMethodError'{0x00000000ead92430}: 'java.lang.Object java.lang.invoke.DirectMethodHandle$Holder.invokeSpecial(java.lang.Object, java.lang.Object, java.lang.Object, java.lang.Object, long)'> (0x00000000ead92430) 
thrown [s\src\hotspot\share\interpreter\linkResolver.cpp, line 773]
Event: 1.464 Thread 0x000001881fee4710 Exception <a 'java/lang/NoSuchMethodError'{0x00000000eada00b0}: 'java.lang.Object java.lang.invoke.DirectMethodHandle$Holder.invokeSpecial(java.lang.Object, java.lang.Object, java.lang.Object, int, java.lang.Object)'> (0x00000000eada00b0) 
thrown [s\src\hotspot\share\interpreter\linkResolver.cpp, line 773]
Event: 1.466 Thread 0x000001881fee4710 Exception <a 'java/lang/NoSuchMethodError'{0x00000000eadb7a40}: 'java.lang.Object java.lang.invoke.Invokers$Holder.invokeExact_MT(java.lang.Object, java.lang.Object, java.lang.Object, java.lang.Object, java.lang.Object, java.lang.Object)'> (0x00000000eadb7a40) 
thrown [s\src\hotspot\share\interpreter\linkResolver.cpp, line 773]
Event: 1.480 Thread 0x000001881fee4710 Exception <a 'java/lang/NoSuchMethodError'{0x00000000eadd12f8}: 'int java.lang.invoke.DirectMethodHandle$Holder.invokeStaticInit(java.lang.Object, java.lang.Object, java.lang.Object, java.lang.Object)'> (0x00000000eadd12f8) 
thrown [s\src\hotspot\share\interpreter\linkResolver.cpp, line 773]
Event: 1.481 Thread 0x000001881fee4710 Exception <a 'java/lang/NoSuchMethodError'{0x00000000eadd9ab0}: 'java.lang.Object java.lang.invoke.DirectMethodHandle$Holder.invokeInterface(java.lang.Object, java.lang.Object)'> (0x00000000eadd9ab0) 
thrown [s\src\hotspot\share\interpreter\linkResolver.cpp, line 773]
Event: 1.482 Thread 0x000001881fee4710 Exception <a 'java/lang/IncompatibleClassChangeError'{0x00000000eaddcfe8}: Found class java.lang.Object, but interface was expected> (0x00000000eaddcfe8) 
thrown [s\src\hotspot\share\interpreter\linkResolver.cpp, line 840]
Event: 1.485 Thread 0x000001881fee4710 Exception <a 'java/lang/NoSuchMethodError'{0x00000000eade11a0}: 'void java.lang.invoke.DirectMethodHandle$Holder.invokeStatic(java.lang.Object, java.lang.Object)'> (0x00000000eade11a0) 
thrown [s\src\hotspot\share\interpreter\linkResolver.cpp, line 773]
Event: 1.486 Thread 0x000001881fee4710 Exception <a 'java/lang/NoSuchMethodError'{0x00000000eade4548}: 'void java.lang.invoke.DirectMethodHandle$Holder.invokeStaticInit(java.lang.Object, java.lang.Object)'> (0x00000000eade4548) 
thrown [s\src\hotspot\share\interpreter\linkResolver.cpp, line 773]
Event: 1.488 Thread 0x000001881fee4710 Exception <a 'java/lang/NoSuchMethodError'{0x00000000eadeb588}: 'int java.lang.invoke.DirectMethodHandle$Holder.invokeStaticInit(java.lang.Object, java.lang.Object)'> (0x00000000eadeb588) 
thrown [s\src\hotspot\share\interpreter\linkResolver.cpp, line 773]
Event: 1.630 Thread 0x000001881fee4710 Exception <a 'java/lang/NoSuchMethodError'{0x00000000eaf298e8}: 'void java.lang.invoke.DirectMethodHandle$Holder.invokeSpecial(java.lang.Object, java.lang.Object, java.lang.Object)'> (0x00000000eaf298e8) 
thrown [s\src\hotspot\share\interpreter\linkResolver.cpp, line 773]
Event: 1.974 Thread 0x000001881fee4710 Exception <a 'java/lang/NoSuchMethodError'{0x00000000eb7d1200}: 'int java.lang.invoke.DirectMethodHandle$Holder.invokeVirtual(java.lang.Object, java.lang.Object)'> (0x00000000eb7d1200) 
thrown [s\src\hotspot\share\interpreter\linkResolver.cpp, line 773]
Event: 2.057 Thread 0x000001881fee4710 Exception <a 'java/lang/NoSuchMethodError'{0x00000000ebb07148}: 'java.lang.Object java.lang.invoke.DirectMethodHandle$Holder.newInvokeSpecial(java.lang.Object, int, java.lang.Object)'> (0x00000000ebb07148) 
thrown [s\src\hotspot\share\interpreter\linkResolver.cpp, line 773]
Event: 2.086 Thread 0x000001881fee4710 Exception <a 'java/lang/NoSuchMethodError'{0x00000000ebc99d58}: 'java.lang.Object java.lang.invoke.DirectMethodHandle$Holder.newInvokeSpecial(java.lang.Object, java.lang.Object, java.lang.Object, java.lang.Object, int, java.lang.Object)'> (0x00000000ebc99d58) 
thrown [s\src\hotspot\share\interpreter\linkResolver.cpp, line 773]

ZGC Phase Switch (0 events):
No events

VM Operations (20 events):
Event: 0.207 Executing VM operation: HandshakeAllThreads (Deoptimize)
Event: 0.208 Executing VM operation: HandshakeAllThreads (Deoptimize) done
Event: 0.305 Executing VM operation: HandshakeAllThreads (Deoptimize)
Event: 0.305 Executing VM operation: HandshakeAllThreads (Deoptimize) done
Event: 0.758 Executing VM operation: HandshakeAllThreads (Deoptimize)
Event: 0.758 Executing VM operation: HandshakeAllThreads (Deoptimize) done
Event: 0.780 Executing VM operation: HandshakeAllThreads (Deoptimize)
Event: 0.780 Executing VM operation: HandshakeAllThreads (Deoptimize) done
Event: 1.144 Executing VM operation: HandshakeAllThreads (Deoptimize)
Event: 1.145 Executing VM operation: HandshakeAllThreads (Deoptimize) done
Event: 1.183 Executing VM operation: ICBufferFull
Event: 1.184 Executing VM operation: ICBufferFull done
Event: 1.252 Executing VM operation: ParallelGCFailedAllocation (Allocation Failure)
Event: 1.262 Executing VM operation: ParallelGCFailedAllocation (Allocation Failure) done
Event: 2.032 Executing VM operation: HandshakeAllThreads (Deoptimize)
Event: 2.032 Executing VM operation: HandshakeAllThreads (Deoptimize) done
Event: 2.046 Executing VM operation: HandshakeAllThreads (Deoptimize)
Event: 2.046 Executing VM operation: HandshakeAllThreads (Deoptimize) done
Event: 2.082 Executing VM operation: HandshakeAllThreads (Deoptimize)
Event: 2.082 Executing VM operation: HandshakeAllThreads (Deoptimize) done

Memory protections (0 events):
No events

Nmethod flushes (0 events):
No events

Events (15 events):
Event: 0.157 Thread 0x000001881fee4710 Thread added: 0x000001881fee4710
Event: 0.182 Thread 0x000001881fee4710 Thread added: 0x000001881ff833d0
Event: 0.182 Thread 0x000001881fee4710 Thread added: 0x00000188342cd270
Event: 0.182 Thread 0x000001881fee4710 Thread added: 0x000001881ff8c720
Event: 0.182 Thread 0x000001881fee4710 Thread added: 0x000001881ff8f690
Event: 0.183 Thread 0x000001881fee4710 Thread added: 0x000001881ff95060
Event: 0.183 Thread 0x000001881fee4710 Thread added: 0x000001881ff95ab0
Event: 0.183 Thread 0x000001881fee4710 Thread added: 0x000001881ff9c380
Event: 0.183 Thread 0x000001881fee4710 Thread added: 0x000001881ff9ded0
Event: 0.197 Thread 0x000001881fee4710 Thread added: 0x000001887687e030
Event: 0.509 Thread 0x000001881fee4710 Thread added: 0x0000018876b0f8c0
Event: 0.516 Thread 0x000001881ff9ded0 Thread added: 0x00000188769e23a0
Event: 1.389 Thread 0x00000188769e23a0 Thread exited: 0x00000188769e23a0
Event: 1.715 Thread 0x000001881ff9ded0 Thread added: 0x0000018877ddfde0
Event: 2.019 Thread 0x000001881fee4710 Thread added: 0x0000018877b1ab90


Dynamic libraries:
0x00007ff6b2760000 - 0x00007ff6b276e000 	c:\Users\saubh\.vscode\extensions\redhat.java-1.41.1-win32-x64\jre\21.0.6-win32-x86_64\bin\java.exe
0x00007ffb48c20000 - 0x00007ffb48e86000 	C:\WINDOWS\SYSTEM32\ntdll.dll
0x00007ffb47700000 - 0x00007ffb477c9000 	C:\WINDOWS\System32\KERNEL32.DLL
0x00007ffb46110000 - 0x00007ffb464dc000 	C:\WINDOWS\System32\KERNELBASE.dll
0x00007ffb46620000 - 0x00007ffb4676b000 	C:\WINDOWS\System32\ucrtbase.dll
0x00007ffabe7e0000 - 0x00007ffabe7f8000 	c:\Users\saubh\.vscode\extensions\redhat.java-1.41.1-win32-x64\jre\21.0.6-win32-x86_64\bin\jli.dll
0x00007ffabdcf0000 - 0x00007ffabdd0e000 	c:\Users\saubh\.vscode\extensions\redhat.java-1.41.1-win32-x64\jre\21.0.6-win32-x86_64\bin\VCRUNTIME140.dll
0x00007ffb48600000 - 0x00007ffb487ca000 	C:\WINDOWS\System32\USER32.dll
0x00007ffb468f0000 - 0x00007ffb46917000 	C:\WINDOWS\System32\win32u.dll
0x00007ffb479a0000 - 0x00007ffb479cb000 	C:\WINDOWS\System32\GDI32.dll
0x00007ffb45fd0000 - 0x00007ffb46102000 	C:\WINDOWS\System32\gdi32full.dll
0x00007ffb464e0000 - 0x00007ffb46583000 	C:\WINDOWS\System32\msvcp_win.dll
0x00007ffb1c230000 - 0x00007ffb1c4ca000 	C:\WINDOWS\WinSxS\amd64_microsoft.windows.common-controls_6595b64144ccf1df_6.0.26100.3912_none_3e07963ce335137e\COMCTL32.dll
0x00007ffb46a70000 - 0x00007ffb46b19000 	C:\WINDOWS\System32\msvcrt.dll
0x00007ffb470e0000 - 0x00007ffb47110000 	C:\WINDOWS\System32\IMM32.DLL
0x00007ffb032d0000 - 0x00007ffb032dc000 	c:\Users\saubh\.vscode\extensions\redhat.java-1.41.1-win32-x64\jre\21.0.6-win32-x86_64\bin\vcruntime140_1.dll
0x00007ffa57830000 - 0x00007ffa578bd000 	c:\Users\saubh\.vscode\extensions\redhat.java-1.41.1-win32-x64\jre\21.0.6-win32-x86_64\bin\msvcp140.dll
0x00007ffa56aa0000 - 0x00007ffa57830000 	c:\Users\saubh\.vscode\extensions\redhat.java-1.41.1-win32-x64\jre\21.0.6-win32-x86_64\bin\server\jvm.dll
0x00007ffb478e0000 - 0x00007ffb47992000 	C:\WINDOWS\System32\ADVAPI32.dll
0x00007ffb47650000 - 0x00007ffb476f6000 	C:\WINDOWS\System32\sechost.dll
0x00007ffb481b0000 - 0x00007ffb482c6000 	C:\WINDOWS\System32\RPCRT4.dll
0x00007ffb469e0000 - 0x00007ffb46a54000 	C:\WINDOWS\System32\WS2_32.dll
0x00007ffb45510000 - 0x00007ffb4556e000 	C:\WINDOWS\SYSTEM32\POWRPROF.dll
0x00007ffb38440000 - 0x00007ffb3844b000 	C:\WINDOWS\SYSTEM32\VERSION.dll
0x00007ffb38450000 - 0x00007ffb38486000 	C:\WINDOWS\SYSTEM32\WINMM.dll
0x00007ffb454d0000 - 0x00007ffb454e4000 	C:\WINDOWS\SYSTEM32\UMPDC.dll
0x00007ffb44b40000 - 0x00007ffb44b5a000 	C:\WINDOWS\SYSTEM32\kernel.appcore.dll
0x00007ffb029c0000 - 0x00007ffb029ca000 	c:\Users\saubh\.vscode\extensions\redhat.java-1.41.1-win32-x64\jre\21.0.6-win32-x86_64\bin\jimage.dll
0x00007ffb436c0000 - 0x00007ffb43901000 	C:\WINDOWS\SYSTEM32\DBGHELP.DLL
0x00007ffb48850000 - 0x00007ffb48bd4000 	C:\WINDOWS\System32\combase.dll
0x00007ffb47550000 - 0x00007ffb47630000 	C:\WINDOWS\System32\OLEAUT32.dll
0x00007ffb10420000 - 0x00007ffb10459000 	C:\WINDOWS\SYSTEM32\dbgcore.DLL
0x00007ffb45db0000 - 0x00007ffb45e49000 	C:\WINDOWS\System32\bcryptPrimitives.dll
0x00007ffb01730000 - 0x00007ffb0173f000 	c:\Users\saubh\.vscode\extensions\redhat.java-1.41.1-win32-x64\jre\21.0.6-win32-x86_64\bin\instrument.dll
0x00007ffabc770000 - 0x00007ffabc78f000 	c:\Users\saubh\.vscode\extensions\redhat.java-1.41.1-win32-x64\jre\21.0.6-win32-x86_64\bin\java.dll
0x00007ffb47a80000 - 0x00007ffb481ad000 	C:\WINDOWS\System32\SHELL32.dll
0x00007ffb46770000 - 0x00007ffb468e4000 	C:\WINDOWS\System32\wintypes.dll
0x00007ffb439e0000 - 0x00007ffb44236000 	C:\WINDOWS\SYSTEM32\windows.storage.dll
0x00007ffb484b0000 - 0x00007ffb4859f000 	C:\WINDOWS\System32\SHCORE.dll
0x00007ffb47070000 - 0x00007ffb470d9000 	C:\WINDOWS\System32\shlwapi.dll
0x00007ffb45cc0000 - 0x00007ffb45cef000 	C:\WINDOWS\SYSTEM32\profapi.dll
0x00007ffab8a30000 - 0x00007ffab8a48000 	c:\Users\saubh\.vscode\extensions\redhat.java-1.41.1-win32-x64\jre\21.0.6-win32-x86_64\bin\zip.dll
0x00007ffac5640000 - 0x00007ffac5650000 	C:\Users\saubh\.vscode\extensions\redhat.java-1.41.1-win32-x64\jre\21.0.6-win32-x86_64\bin\net.dll
0x00007ffb3bb40000 - 0x00007ffb3bc5e000 	C:\WINDOWS\SYSTEM32\WINHTTP.dll
0x00007ffb450c0000 - 0x00007ffb4512a000 	C:\WINDOWS\system32\mswsock.dll
0x00007ffaa9ed0000 - 0x00007ffaa9ee6000 	C:\Users\saubh\.vscode\extensions\redhat.java-1.41.1-win32-x64\jre\21.0.6-win32-x86_64\bin\nio.dll
0x00007ffac4430000 - 0x00007ffac4440000 	c:\Users\saubh\.vscode\extensions\redhat.java-1.41.1-win32-x64\jre\21.0.6-win32-x86_64\bin\verify.dll

dbghelp: loaded successfully - version: 4.0.5 - missing functions: none
symbol engine: initialized successfully - sym options: 0x614 - pdb path: .;c:\Users\saubh\.vscode\extensions\redhat.java-1.41.1-win32-x64\jre\21.0.6-win32-x86_64\bin;C:\WINDOWS\SYSTEM32;C:\WINDOWS\WinSxS\amd64_microsoft.windows.common-controls_6595b64144ccf1df_6.0.26100.3912_none_3e07963ce335137e;c:\Users\saubh\.vscode\extensions\redhat.java-1.41.1-win32-x64\jre\21.0.6-win32-x86_64\bin\server

VM Arguments:
jvm_args: --add-modules=ALL-SYSTEM --add-opens=java.base/java.util=ALL-UNNAMED --add-opens=java.base/java.lang=ALL-UNNAMED --add-opens=java.base/sun.nio.fs=ALL-UNNAMED -Declipse.application=org.eclipse.jdt.ls.core.id1 -Dosgi.bundles.defaultStartLevel=4 -Declipse.product=org.eclipse.jdt.ls.core.product -Djava.import.generatesMetadataFilesAtProjectRoot=false -DDetectVMInstallationsJob.disabled=true -Dfile.encoding=utf8 -XX:+UseParallelGC -XX:GCTimeRatio=4 -XX:AdaptiveSizePolicyWeight=90 -Dsun.zip.disableMemoryMapping=true -Xmx1G -Xms100m -Xlog:disable -javaagent:c:\Users\saubh\.vscode\extensions\redhat.java-1.41.1-win32-x64\lombok\lombok-1.18.36.jar 
java_command: c:\Users\saubh\.vscode\extensions\redhat.java-1.41.1-win32-x64\server\plugins\org.eclipse.equinox.launcher_1.7.0.v20250331-1702.jar -configuration c:\Users\saubh\AppData\Roaming\Code\User\globalStorage\redhat.java\1.41.1\config_ss_win -data c:\Users\saubh\AppData\Roaming\Code\User\workspaceStorage\335ce49ca60891c5c2091c6e9d08639f\redhat.java\ss_ws --pipe=\\.\pipe\lsp-30b39526677477f7f891e4417e1f94b9-sock
java_class_path (initial): c:\Users\saubh\.vscode\extensions\redhat.java-1.41.1-win32-x64\server\plugins\org.eclipse.equinox.launcher_1.7.0.v20250331-1702.jar
Launcher Type: SUN_STANDARD

[Global flags]
    uintx AdaptiveSizePolicyWeight                 = 90                                        {product} {command line}
     intx CICompilerCount                          = 4                                         {product} {ergonomic}
    uintx GCTimeRatio                              = 4                                         {product} {command line}
   size_t InitialHeapSize                          = 104857600                                 {product} {command line}
   size_t MaxHeapSize                              = 1073741824                                {product} {command line}
   size_t MaxNewSize                               = 357564416                                 {product} {ergonomic}
   size_t MinHeapDeltaBytes                        = 524288                                    {product} {ergonomic}
   size_t MinHeapSize                              = 104857600                                 {product} {command line}
   size_t NewSize                                  = 34603008                                  {product} {ergonomic}
    uintx NonNMethodCodeHeapSize                   = 5839372                                {pd product} {ergonomic}
    uintx NonProfiledCodeHeapSize                  = 122909434                              {pd product} {ergonomic}
   size_t OldSize                                  = 70254592                                  {product} {ergonomic}
    uintx ProfiledCodeHeapSize                     = 122909434                              {pd product} {ergonomic}
    uintx ReservedCodeCacheSize                    = 251658240                              {pd product} {ergonomic}
     bool SegmentedCodeCache                       = true                                      {product} {ergonomic}
   size_t SoftMaxHeapSize                          = 1073741824                             {manageable} {ergonomic}
     bool UseCompressedOops                        = true                           {product lp64_product} {ergonomic}
     bool UseLargePagesIndividualAllocation        = false                                  {pd product} {ergonomic}
     bool UseParallelGC                            = true                                      {product} {command line}

Logging:
Log output configuration:
 #0: stdout all=off uptime,level,tags foldmultilines=false
 #1: stderr all=off uptime,level,tags foldmultilines=false

Environment Variables:
JAVA_HOME=C:\Program Files\Java\jdk-23
PATH=C:\Python313\Scripts\;C:\Python313\;C:\Program Files\Common Files\Oracle\Java\javapath;C:\WINDOWS\system32;C:\WINDOWS;C:\WINDOWS\System32\Wbem;C:\WINDOWS\System32\WindowsPowerShell\v1.0\;C:\WINDOWS\System32\OpenSSH\;C:\MinGW\bin;C:\Program Files\Git\cmd;C:\Program Files\Java\jdk-23\bin;C:\Users\saubh\Desktop\softwares and antivirus\Microsoft VS Code\bin;C:\Program Files\PuTTY\;D:\;C:\ProgramData\chocolatey\bin;C:\ProgramData\Microsoft\Windows\Start Menu\Programs\Node.js;D:\D drive\java\Sdps;C:\Program Files\Cloudflare\Cloudflare WARP\;C:\Users\saubh\AppData\Local\Programs\Python\Python310\Scripts\;C:\Users\saubh\AppData\Local\Programs\Python\Python310\;C:\Users\saubh\AppData\Local\Microsoft\WindowsApps;C:\Users\saubh\AppData\Roaming\npm;D:\D drive\cursor\resources\app\bin
USERNAME=saubh
OS=Windows_NT
PROCESSOR_IDENTIFIER=Intel64 Family 6 Model 154 Stepping 3, GenuineIntel
TMP=C:\Users\saubh\AppData\Local\Temp
TEMP=C:\Users\saubh\AppData\Local\Temp




Periodic native trim disabled

---------------  S Y S T E M  ---------------

OS:
 Windows 11 , 64 bit Build 26100 (10.0.26100.3912)
OS uptime: 0 days 15:50 hours
Hyper-V role detected

CPU: total 12 (initial active 12) (6 cores per cpu, 2 threads per core) family 6 model 154 stepping 3 microcode 0x434, cx8, cmov, fxsr, ht, mmx, 3dnowpref, sse, sse2, sse3, ssse3, sse4.1, sse4.2, popcnt, lzcnt, tsc, tscinvbit, avx, avx2, aes, erms, clmul, bmi1, bmi2, adx, sha, fma, vzeroupper, clflush, clflushopt, clwb, hv, serialize, rdtscp, rdpid, fsrm, f16c, cet_ibt, cet_ss
Processor Information for the first 12 processors :
  Max Mhz: 2000, Current Mhz: 2000, Mhz Limit: 2000

Memory: 4k page, system-wide physical 7860M (439M free)
TotalPageFile size 14526M (AvailPageFile size 0M)
current process WorkingSet (physical memory assigned to process): 88M, peak: 88M
current process commit charge ("private bytes"): 212M, peak: 213M

vm_info: OpenJDK 64-Bit Server VM (21.0.6+7-LTS) for windows-amd64 JRE (21.0.6+7-LTS), built on 2025-01-21T00:00:00Z by "admin" with MS VC++ 17.7 (VS2022)

END.
